Flutter crash report.
Please report a bug at https://github.com/flutter/flutter/issues.

## command

flutter --quiet assemble --depfile /Users/houdin/Documents/projects/beep/build/app/intermediates/flutter/devRelease/flutter_build.d --output /Users/houdin/Documents/projects/beep/build/app/intermediates/flutter/devRelease -dTargetFile=lib/main.dart -dTargetPlatform=android -dBuildMode=release -dTrackWidgetCreation=true -dTreeShakeIcons=true android_aot_bundle_release_android-arm android_aot_bundle_release_android-arm64 android_aot_bundle_release_android-x64

## exception

ArgumentError: Invalid argument(s): Cannot find executable for /Users/houdin/Documents/flutter/bin/cache/artifacts/engine/android-arm-release/darwin-x64/gen_snapshot.

```
#0      _getExecutable (package:process/src/interface/local_process_manager.dart:124:5)
#1      LocalProcessManager.start (package:process/src/interface/local_process_manager.dart:40:30)
#2      ErrorHandlingProcessManager.start.<anonymous closure> (package:flutter_tools/src/base/error_handling_io.dart:638:33)
#3      _run (package:flutter_tools/src/base/error_handling_io.dart:532:20)
#4      ErrorHandlingProcessManager.start (package:flutter_tools/src/base/error_handling_io.dart:638:12)
#5      _DefaultProcessUtils.start (package:flutter_tools/src/base/process.dart:472:28)
#6      _DefaultProcessUtils.stream (package:flutter_tools/src/base/process.dart:491:35)
#7      GenSnapshot.run (package:flutter_tools/src/base/build.dart:73:26)
#8      AOTSnapshotter.build (package:flutter_tools/src/base/build.dart:194:56)
#9      AndroidAot.build (package:flutter_tools/src/build_system/targets/android.dart:232:52)
#10     _BuildInstance._invokeInternal (package:flutter_tools/src/build_system/build_system.dart:796:27)
<asynchronous suspension>
#11     Future.wait.<anonymous closure> (dart:async/future.dart)
<asynchronous suspension>
#12     _BuildInstance.invokeTarget (package:flutter_tools/src/build_system/build_system.dart:734:32)
<asynchronous suspension>
#13     Future.wait.<anonymous closure> (dart:async/future.dart)
<asynchronous suspension>
#14     _BuildInstance.invokeTarget (package:flutter_tools/src/build_system/build_system.dart:734:32)
<asynchronous suspension>
#15     FlutterBuildSystem.build (package:flutter_tools/src/build_system/build_system.dart:563:16)
<asynchronous suspension>
#16     AssembleCommand.runCommand (package:flutter_tools/src/commands/assemble.dart:220:32)
<asynchronous suspension>
#17     FlutterCommand.verifyThenRunCommand (package:flutter_tools/src/runner/flutter_command.dart:1157:12)
<asynchronous suspension>
#18     FlutterCommand.run.<anonymous closure> (package:flutter_tools/src/runner/flutter_command.dart:1009:27)
<asynchronous suspension>
#19     AppContext.run.<anonymous closure> (package:flutter_tools/src/base/context.dart:150:19)
<asynchronous suspension>
#20     AppContext.run (package:flutter_tools/src/base/context.dart:149:12)
<asynchronous suspension>
#21     CommandRunner.runCommand (package:args/command_runner.dart:197:13)
<asynchronous suspension>
#22     FlutterCommandRunner.runCommand.<anonymous closure> (package:flutter_tools/src/runner/flutter_command_runner.dart:278:9)
<asynchronous suspension>
#23     AppContext.run.<anonymous closure> (package:flutter_tools/src/base/context.dart:150:19)
<asynchronous suspension>
#24     AppContext.run (package:flutter_tools/src/base/context.dart:149:12)
<asynchronous suspension>
#25     FlutterCommandRunner.runCommand (package:flutter_tools/src/runner/flutter_command_runner.dart:234:5)
<asynchronous suspension>
#26     run.<anonymous closure>.<anonymous closure> (package:flutter_tools/runner.dart:64:9)
<asynchronous suspension>
#27     run.<anonymous closure> (package:flutter_tools/runner.dart:62:12)
<asynchronous suspension>
#28     AppContext.run.<anonymous closure> (package:flutter_tools/src/base/context.dart:150:19)
<asynchronous suspension>
#29     AppContext.run (package:flutter_tools/src/base/context.dart:149:12)
<asynchronous suspension>
#30     runInContext (package:flutter_tools/src/context_runner.dart:73:10)
<asynchronous suspension>
#31     main (package:flutter_tools/executable.dart:90:3)
<asynchronous suspension>
```

## flutter doctor

```
[✓] Flutter (Channel stable, 2.0.5, on macOS 11.3 20E232 darwin-arm, locale en-BR)
    • Flutter version 2.0.5 at /Users/houdin/Documents/flutter
    • Framework revision adc687823a (4 months ago), 2021-04-16 09:40:20 -0700
    • Engine revision b09f014e96
    • Dart version 2.12.3

[✓] Android toolchain - develop for Android devices (Android SDK version 30.0.3)
    • Android SDK at /Users/houdin/Library/Android/sdk
    • Platform android-30, build-tools 30.0.3
    • Java binary at: /Library/Java/JavaVirtualMachines/jdk1.8.0_291.jdk/Contents/Home/bin/java
    • Java version Java(TM) SE Runtime Environment (build 1.8.0_291-b10)
    • All Android licenses accepted.

[✓] Xcode - develop for iOS and macOS
    • Xcode at /Applications/Xcode.app/Contents/Developer
    • Xcode 12.5, Build version 12E262
    • CocoaPods version 1.10.1

[✓] Chrome - develop for the web
    • Chrome at /Applications/Google Chrome.app/Contents/MacOS/Google Chrome

[!] Android Studio (not installed)
    • Android Studio not found; download from https://developer.android.com/studio/index.html
      (or visit https://flutter.dev/docs/get-started/install/macos#android-setup for detailed instructions).

[✓] VS Code (version 1.58.2)
    • VS Code at /Applications/Visual Studio Code.app/Contents
    • Flutter extension version 3.25.0

[✓] Connected device (1 available)
    • Chrome (web) • chrome • web-javascript • Google Chrome 92.0.4515.131

! Doctor found issues in 1 category.
```
